<?xml version="1.0" encoding="UTF-8"?>
<!-- Generated by org.testng.reporters.JUnitReportReporter -->
<testsuite hostname="Lenovo-PC" name="cases.LoginTest" tests="1" failures="0" timestamp="27 Mar 2018 05:38:14 GMT" time="0.777" errors="0">
  <testcase name="loginScm" time="0.777" classname="cases.LoginTest"/>
</testsuite> <!-- cases.LoginTest -->
